<?xml version="1.0" encoding="UTF-8"?>
<!-- Generated by org.testng.reporters.JUnitXMLReporter -->
<testsuite hostname="DESKTOP-HKE7GUM" ignored="0" name="Test" tests="4" failures="0" timestamp="2021-12-18T10:34:14 IST" time="23.749" errors="0">
  <testcase name="verifyFirstBookTitle" time="1.211" classname="com.atipune.pom.tests.HomePageTests"/>
  <testcase name="verifyHomePageTitle" time="0.057" classname="com.atipune.pom.tests.HomePageTests"/>
  <testcase name="verifyNewArrivalsDisplayed" time="0.157" classname="com.atipune.pom.tests.HomePageTests"/>
  <testcase name="verifyNewArrivalsEnabled" time="0.177" classname="com.atipune.pom.tests.HomePageTests"/>
</testsuite> <!-- Test -->
